Log file open, 01/28/17 19:41:51
LogInit:Display: Running engine for game: FireDrillVR
LogPlatformFile: Not using cached read wrapper
LogInit:Display: RandInit(-1736686699) SRandInit(-1736686699).
LogTaskGraph: Started task graph with 5 named threads and 8 total threads with 1 sets of task threads.
LogStats: Stats thread started at 0.062254
LogPluginManager: Loaded Plugin Paper2D, From C:/Program Files/Epic Games/UE_4.14/Engine/Plugins/2D/Paper2D/Paper2D.uplugin
LogPluginManager: Loaded Plugin LightPropagationVolume, From C:/Program Files/Epic Games/UE_4.14/Engine/Plugins/Blendables/LightPropagationVolume/LightPropagationVolume.uplugin
LogPluginManager: Loaded Plugin BlankPlugin, From C:/Program Files/Epic Games/UE_4.14/Engine/Plugins/Developer/BlankPlugin/BlankPlugin.uplugin
LogPluginManager: Loaded Plugin CodeLiteSourceCodeAccess, From C:/Program Files/Epic Games/UE_4.14/Engine/Plugins/Developer/CodeLiteSourceCodeAccess/CodeLiteSourceCodeAccess.uplugin
LogPluginManager: Loaded Plugin GitSourceControl, From C:/Program Files/Epic Games/UE_4.14/Engine/Plugins/Developer/GitSourceControl/GitSourceControl.uplugin
LogPluginManager: Loaded Plugin KDevelopSourceCodeAccess, From C:/Program Files/Epic Games/UE_4.14/Engine/Plugins/Developer/KDevelopSourceCodeAccess/KDevelopSourceCodeAccess.uplugin
LogPluginManager: Loaded Plugin NullSourceCodeAccess, From C:/Program Files/Epic Games/UE_4.14/Engine/Plugins/Developer/NullSourceCodeAccess/NullSourceCodeAccess.uplugin
LogPluginManager: Loaded Plugin OneSkyLocalizationService, From C:/Program Files/Epic Games/UE_4.14/Engine/Plugins/Developer/OneSkyLocalizationService/OneSkyLocalizationService.uplugin
LogPluginManager: Loaded Plugin PerforceSourceControl, From C:/Program Files/Epic Games/UE_4.14/Engine/Plugins/Developer/PerforceSourceControl/PerforceSourceControl.uplugin
LogPluginManager: Loaded Plugin SubversionSourceControl, From C:/Program Files/Epic Games/UE_4.14/Engine/Plugins/Developer/SubversionSourceControl/SubversionSourceControl.uplugin
LogPluginManager: Loaded Plugin UObjectPlugin, From C:/Program Files/Epic Games/UE_4.14/Engine/Plugins/Developer/UObjectPlugin/UObjectPlugin.uplugin
LogPluginManager: Loaded Plugin VisualStudioSourceCodeAccess, From C:/Program Files/Epic Games/UE_4.14/Engine/Plugins/Developer/VisualStudioSourceCodeAccess/VisualStudioSourceCodeAccess.uplugin
LogPluginManager: Loaded Plugin XCodeSourceCodeAccess, From C:/Program Files/Epic Games/UE_4.14/Engine/Plugins/Developer/XCodeSourceCodeAccess/XCodeSourceCodeAccess.uplugin
LogPluginManager: Loaded Plugin AudioCapture, From C:/Program Files/Epic Games/UE_4.14/Engine/Plugins/Editor/AudioCapture/AudioCapture.uplugin
LogPluginManager: Loaded Plugin EpicSurvey, From C:/Program Files/Epic Games/UE_4.14/Engine/Plugins/Editor/EpicSurvey/EpicSurvey.uplugin
LogPluginManager: Loaded Plugin MacGraphicsSwitching, From C:/Program Files/Epic Games/UE_4.14/Engine/Plugins/Editor/MacGraphicsSwitching/MacGraphicsSwitching.uplugin
LogPluginManager: Loaded Plugin MobileLauncherProfileWizard, From C:/Program Files/Epic Games/UE_4.14/Engine/Plugins/Editor/MobileLauncherProfileWizard/MobileLauncherProfileWizard.uplugin
LogPluginManager: Loaded Plugin PluginBrowser, From C:/Program Files/Epic Games/UE_4.14/Engine/Plugins/Editor/PluginBrowser/PluginBrowser.uplugin
LogPluginManager: Loaded Plugin SpeedTreeImporter, From C:/Program Files/Epic Games/UE_4.14/Engine/Plugins/Editor/SpeedTreeImporter/SpeedTreeImporter.uplugin
LogPluginManager: Loaded Plugin SuperSearchEditor, From C:/Program Files/Epic Games/UE_4.14/Engine/Plugins/Editor/SuperSearchEditor/SuperSearchEditor.uplugin
LogPluginManager: Loaded Plugin AlembicImporter, From C:/Program Files/Epic Games/UE_4.14/Engine/Plugins/Experimental/AlembicImporter/AlembicImporter.uplugin
LogPluginManager: Loaded Plugin BlueprintStats, From C:/Program Files/Epic Games/UE_4.14/Engine/Plugins/Experimental/BlueprintStats/BlueprintStats.uplugin
LogPluginManager: Loaded Plugin CharacterAI, From C:/Program Files/Epic Games/UE_4.14/Engine/Plugins/Experimental/CharacterAI/CharacterAI.uplugin
LogPluginManager: Loaded Plugin CodeEditor, From C:/Program Files/Epic Games/UE_4.14/Engine/Plugins/Experimental/CodeEditor/CodeEditor.uplugin
LogPluginManager: Loaded Plugin CodeView, From C:/Program Files/Epic Games/UE_4.14/Engine/Plugins/Experimental/CodeView/CodeView.uplugin
LogPluginManager: Loaded Plugin HTML5Networking, From C:/Program Files/Epic Games/UE_4.14/Engine/Plugins/Experimental/HTML5Networking/HTML5Networking.uplugin
LogPluginManager: Loaded Plugin OSVR, From C:/Program Files/Epic Games/UE_4.14/Engine/Plugins/Experimental/OSVR/OSVR.uplugin
LogPluginManager: Loaded Plugin Phya, From C:/Program Files/Epic Games/UE_4.14/Engine/Plugins/Experimental/Phya/Phya.uplugin
LogPluginManager: Loaded Plugin SignificanceManager, From C:/Program Files/Epic Games/UE_4.14/Engine/Plugins/Experimental/SignificanceManager/SignificanceManager.uplugin
LogPluginManager: Loaded Plugin SimpleHMD, From C:/Program Files/Epic Games/UE_4.14/Engine/Plugins/Experimental/SimpleHMD/SimpleHMD.uplugin
LogPluginManager: Loaded Plugin StereoPanorama, From C:/Program Files/Epic Games/UE_4.14/Engine/Plugins/Experimental/StereoPanorama/StereoPanorama.uplugin
LogPluginManager: Loaded Plugin StructBox, From C:/Program Files/Epic Games/UE_4.14/Engine/Plugins/Experimental/StructBox/StructBox.uplugin
LogPluginManager: Loaded Plugin AndroidMedia, From C:/Program Files/Epic Games/UE_4.14/Engine/Plugins/Media/AndroidMedia/AndroidMedia.uplugin
LogPluginManager: Loaded Plugin AvfMedia, From C:/Program Files/Epic Games/UE_4.14/Engine/Plugins/Media/AvfMedia/AvfMedia.uplugin
LogPluginManager: Loaded Plugin MediaPlayerEditor, From C:/Program Files/Epic Games/UE_4.14/Engine/Plugins/Media/MediaPlayerEditor/MediaPlayerEditor.uplugin
LogPluginManager: Loaded Plugin WmfMedia, From C:/Program Files/Epic Games/UE_4.14/Engine/Plugins/Media/WmfMedia/WmfMedia.uplugin
LogPluginManager: Loaded Plugin MessagingDebugger, From C:/Program Files/Epic Games/UE_4.14/Engine/Plugins/Messaging/MessagingDebugger/MessagingDebugger.uplugin
LogPluginManager: Loaded Plugin TcpMessaging, From C:/Program Files/Epic Games/UE_4.14/Engine/Plugins/Messaging/TcpMessaging/TcpMessaging.uplugin
LogPluginManager: Loaded Plugin UdpMessaging, From C:/Program Files/Epic Games/UE_4.14/Engine/Plugins/Messaging/UdpMessaging/UdpMessaging.uplugin
LogPluginManager: Loaded Plugin LevelSequenceEditor, From C:/Program Files/Epic Games/UE_4.14/Engine/Plugins/MovieScene/LevelSequenceEditor/LevelSequenceEditor.uplugin
LogPluginManager: Loaded Plugin MatineeToLevelSequence, From C:/Program Files/Epic Games/UE_4.14/Engine/Plugins/MovieScene/MatineeToLevelSequence/MatineeToLevelSequence.uplugin
LogPluginManager: Loaded Plugin NetcodeUnitTest, From C:/Program Files/Epic Games/UE_4.14/Engine/Plugins/NetcodeUnitTest/NetcodeUnitTest/NetcodeUnitTest.uplugin
LogPluginManager: Loaded Plugin NUTUnrealEngine4, From C:/Program Files/Epic Games/UE_4.14/Engine/Plugins/NetcodeUnitTest/NUTUnrealEngine4/NUTUnrealEngine4.uplugin
LogPluginManager: Loaded Plugin OnlineSubsystemGameCircle, From C:/Program Files/Epic Games/UE_4.14/Engine/Plugins/Online/Android/OnlineSubsystemGameCircle/OnlineSubsystemGameCircle.uplugin
LogPluginManager: Loaded Plugin OnlineSubsystemGooglePlay, From C:/Program Files/Epic Games/UE_4.14/Engine/Plugins/Online/Android/OnlineSubsystemGooglePlay/OnlineSubsystemGooglePlay.uplugin
LogPluginManager: Loaded Plugin OnlineSubsystemIOS, From C:/Program Files/Epic Games/UE_4.14/Engine/Plugins/Online/IOS/OnlineSubsystemIOS/OnlineSubsystemIOS.uplugin
LogPluginManager: Loaded Plugin OnlineFramework, From C:/Program Files/Epic Games/UE_4.14/Engine/Plugins/Online/OnlineFramework/OnlineFramework.uplugin
LogPluginManager: Loaded Plugin OnlineSubsystem, From C:/Program Files/Epic Games/UE_4.14/Engine/Plugins/Online/OnlineSubsystem/OnlineSubsystem.uplugin
LogPluginManager: Loaded Plugin OnlineSubsystemAmazon, From C:/Program Files/Epic Games/UE_4.14/Engine/Plugins/Online/OnlineSubsystemAmazon/OnlineSubsystemAmazon.uplugin
LogPluginManager: Loaded Plugin OnlineSubsystemFacebook, From C:/Program Files/Epic Games/UE_4.14/Engine/Plugins/Online/OnlineSubsystemFacebook/OnlineSubsystemFacebook.uplugin
LogPluginManager: Loaded Plugin OnlineSubsystemNull, From C:/Program Files/Epic Games/UE_4.14/Engine/Plugins/Online/OnlineSubsystemNull/OnlineSubsystemNull.uplugin
LogPluginManager: Loaded Plugin OnlineSubsystemOculus, From C:/Program Files/Epic Games/UE_4.14/Engine/Plugins/Online/OnlineSubsystemOculus/OnlineSubsystemOculus.uplugin
LogPluginManager: Loaded Plugin OnlineSubsystemSteam, From C:/Program Files/Epic Games/UE_4.14/Engine/Plugins/Online/OnlineSubsystemSteam/OnlineSubsystemSteam.uplugin
LogPluginManager: Loaded Plugin OnlineSubsystemUtils, From C:/Program Files/Epic Games/UE_4.14/Engine/Plugins/Online/OnlineSubsystemUtils/OnlineSubsystemUtils.uplugin
LogPluginManager: Loaded Plugin IOSTapJoy, From C:/Program Files/Epic Games/UE_4.14/Engine/Plugins/Runtime/Advertising/IOSTapJoy/IOSTapJoy.uplugin
LogPluginManager: Loaded Plugin AnalyticsBlueprintLibrary, From C:/Program Files/Epic Games/UE_4.14/Engine/Plugins/Runtime/Analytics/AnalyticsBlueprintLibrary/AnalyticsBlueprintLibrary.uplugin
LogPluginManager: Loaded Plugin AnalyticsMulticast, From C:/Program Files/Epic Games/UE_4.14/Engine/Plugins/Runtime/Analytics/AnalyticsMulticast/AnalyticsMulticast.uplugin
LogPluginManager: Loaded Plugin Apsalar, From C:/Program Files/Epic Games/UE_4.14/Engine/Plugins/Runtime/Analytics/Apsalar/Apsalar.uplugin
LogPluginManager: Loaded Plugin FileLogging, From C:/Program Files/Epic Games/UE_4.14/Engine/Plugins/Runtime/Analytics/FileLogging/FileLogging.uplugin
LogPluginManager: Loaded Plugin Flurry, From C:/Program Files/Epic Games/UE_4.14/Engine/Plugins/Runtime/Analytics/Flurry/Flurry.uplugin
LogPluginManager: Loaded Plugin AndroidDeviceProfileSelector, From C:/Program Files/Epic Games/UE_4.14/Engine/Plugins/Runtime/AndroidDeviceProfileSelector/AndroidDeviceProfileSelector.uplugin
LogPluginManager: Loaded Plugin AndroidMoviePlayer, From C:/Program Files/Epic Games/UE_4.14/Engine/Plugins/Runtime/AndroidMoviePlayer/AndroidMoviePlayer.uplugin
LogPluginManager: Loaded Plugin AppleMoviePlayer, From C:/Program Files/Epic Games/UE_4.14/Engine/Plugins/Runtime/AppleMoviePlayer/AppleMoviePlayer.uplugin
LogPluginManager: Loaded Plugin ArchVisCharacter, From C:/Program Files/Epic Games/UE_4.14/Engine/Plugins/Runtime/ArchVisCharacter/ArchVisCharacter.uplugin
LogPluginManager: Loaded Plugin CableComponent, From C:/Program Files/Epic Games/UE_4.14/Engine/Plugins/Runtime/CableComponent/CableComponent.uplugin
LogPluginManager: Loaded Plugin CustomMeshComponent, From C:/Program Files/Epic Games/UE_4.14/Engine/Plugins/Runtime/CustomMeshComponent/CustomMeshComponent.uplugin
LogPluginManager: Loaded Plugin ExampleDeviceProfileSelector, From C:/Program Files/Epic Games/UE_4.14/Engine/Plugins/Runtime/ExampleDeviceProfileSelector/ExampleDeviceProfileSelector.uplugin
LogPluginManager: Loaded Plugin GearVR, From C:/Program Files/Epic Games/UE_4.14/Engine/Plugins/Runtime/GearVR/GearVR.uplugin
LogPluginManager: Loaded Plugin GoogleVRController, From C:/Program Files/Epic Games/UE_4.14/Engine/Plugins/Runtime/GoogleVR/GoogleVRController/GoogleVRController.uplugin
LogPluginManager: Loaded Plugin GoogleVRHMD, From C:/Program Files/Epic Games/UE_4.14/Engine/Plugins/Runtime/GoogleVR/GoogleVRHMD/GoogleVRHMD.uplugin
LogPluginManager: Loaded Plugin IOSDeviceProfileSelector, From C:/Program Files/Epic Games/UE_4.14/Engine/Plugins/Runtime/IOSDeviceProfileSelector/IOSDeviceProfileSelector.uplugin
LogPluginManager: Loaded Plugin LeapMotion, From C:/Program Files/Epic Games/UE_4.14/Engine/Plugins/Runtime/LeapMotion/LeapMotion.uplugin
LogPluginManager: Loaded Plugin LinuxDeviceProfileSelector, From C:/Program Files/Epic Games/UE_4.14/Engine/Plugins/Runtime/LinuxDeviceProfileSelector/LinuxDeviceProfileSelector.uplugin
LogPluginManager: Loaded Plugin MIDIDevice, From C:/Program Files/Epic Games/UE_4.14/Engine/Plugins/Runtime/MIDIDevice/MIDIDevice.uplugin
LogPluginManager: Loaded Plugin MobilePatchingUtils, From C:/Program Files/Epic Games/UE_4.14/Engine/Plugins/Runtime/MobilePatchingUtils/MobilePatchingUtils.uplugin
LogPluginManager: Loaded Plugin Ansel, From C:/Program Files/Epic Games/UE_4.14/Engine/Plugins/Runtime/Nvidia/Ansel/Ansel.uplugin
LogPluginManager: Loaded Plugin OculusAudio, From C:/Program Files/Epic Games/UE_4.14/Engine/Plugins/Runtime/OculusAudio/OculusAudio.uplugin
LogPluginManager: Loaded Plugin OculusInput, From C:/Program Files/Epic Games/UE_4.14/Engine/Plugins/Runtime/OculusInput/OculusInput.uplugin
LogPluginManager: Loaded Plugin OculusLibrary, From C:/Program Files/Epic Games/UE_4.14/Engine/Plugins/Runtime/OculusLibrary/OculusLibrary.uplugin
LogPluginManager: Loaded Plugin OculusRift, From C:/Program Files/Epic Games/UE_4.14/Engine/Plugins/Runtime/OculusRift/OculusRift.uplugin
LogPluginManager: Loaded Plugin Oodle, From C:/Program Files/Epic Games/UE_4.14/Engine/Plugins/Runtime/PacketHandlers/CompressionComponents/Oodle/Oodle.uplugin
LogPluginManager: Loaded Plugin ProceduralMeshComponent, From C:/Program Files/Epic Games/UE_4.14/Engine/Plugins/Runtime/ProceduralMeshComponent/ProceduralMeshComponent.uplugin
LogPluginManager: Loaded Plugin SoundMod, From C:/Program Files/Epic Games/UE_4.14/Engine/Plugins/Runtime/SoundMod/SoundMod.uplugin
LogPluginManager: Loaded Plugin SoundVisualizations, From C:/Program Files/Epic Games/UE_4.14/Engine/Plugins/Runtime/SoundVisualizations/SoundVisualizations.uplugin
LogPluginManager: Loaded Plugin SteamController, From C:/Program Files/Epic Games/UE_4.14/Engine/Plugins/Runtime/Steam/SteamController/SteamController.uplugin
LogPluginManager: Loaded Plugin SteamVR, From C:/Program Files/Epic Games/UE_4.14/Engine/Plugins/Runtime/Steam/SteamVR/SteamVR.uplugin
LogPluginManager: Loaded Plugin WebBrowserWidget, From C:/Program Files/Epic Games/UE_4.14/Engine/Plugins/Runtime/WebBrowserWidget/WebBrowserWidget.uplugin
LogPluginManager: Loaded Plugin WindowsDeviceProfileSelector, From C:/Program Files/Epic Games/UE_4.14/Engine/Plugins/Runtime/WindowsDeviceProfileSelector/WindowsDeviceProfileSelector.uplugin
LogPluginManager: Loaded Plugin WindowsMoviePlayer, From C:/Program Files/Epic Games/UE_4.14/Engine/Plugins/Runtime/WindowsMoviePlayer/WindowsMoviePlayer.uplugin
LogPluginManager: Loaded Plugin ScriptPlugin, From C:/Program Files/Epic Games/UE_4.14/Engine/Plugins/ScriptPlugin/ScriptPlugin.uplugin
LogPluginManager: Loaded Plugin SlateRemote, From C:/Program Files/Epic Games/UE_4.14/Engine/Plugins/Slate/SlateRemote/SlateRemote.uplugin
LogPluginManager: Loaded Plugin EditorTests, From C:/Program Files/Epic Games/UE_4.14/Engine/Plugins/Tests/EditorTests/EditorTests.uplugin
LogPluginManager: Loaded Plugin FbxAutomationTestBuilder, From C:/Program Files/Epic Games/UE_4.14/Engine/Plugins/Tests/FbxAutomationTestBuilder/FbxAutomationTestBuilder.uplugin
LogPluginManager: Loaded Plugin FunctionalTestingEditor, From C:/Program Files/Epic Games/UE_4.14/Engine/Plugins/Tests/FunctionalTestingEditor/FunctionalTestingEditor.uplugin
LogPluginManager: Loaded Plugin RuntimeTests, From C:/Program Files/Epic Games/UE_4.14/Engine/Plugins/Tests/RuntimeTests/RuntimeTests.uplugin
LogPluginManager: Loaded Plugin ScreenshotTools, From C:/Program Files/Epic Games/UE_4.14/Engine/Plugins/Tests/ScreenshotTools/ScreenshotTools.uplugin
LogInit: Using libcurl 7.47.1
LogInit:  - built for x86_64-pc-win32
LogInit:  - supports SSL with OpenSSL/1.0.2g
LogInit:  - supports HTTP deflate (compression) using libz 1.2.8
LogInit:  - other features:
LogInit:      CURL_VERSION_SSL
LogInit:      CURL_VERSION_LIBZ
LogInit:      CURL_VERSION_IPV6
LogInit:      CURL_VERSION_ASYNCHDNS
LogInit:      CURL_VERSION_LARGEFILE
LogInit:      CURL_VERSION_IDN
LogInit:  CurlRequestOptions (configurable via config and command line):
LogInit:  - bVerifyPeer = false  - Libcurl will NOT verify peer certificate
LogInit:  - bUseHttpProxy = false  - Libcurl will NOT use HTTP proxy
LogInit:  - bDontReuseConnections = false  - Libcurl will reuse connections
LogInit:  - CertBundlePath = nullptr  - Libcurl will use whatever was configured at build time.
OCULUS: Info: [CAPI] LibOVR module is located at C:\Program Files\Oculus\Support\oculus-runtime\LibOVRRT64_1.dll
OCULUS: Debug: Connected to the server running version (prod = 1).1.10.2(build = 321138) feature version = 0. Client runs version (prod = 1).1.10.2(build = 321138) feature version = 0
OCULUS: Debug: [HMDState] Using default profile default
OCULUS: Info: IAD changed to 70.5mm
OCULUS: Debug: [SharedMemory] Creating factory
LogInit: Build: ++UE4+Release-4.14-CL-3249277
LogInit: Engine Version: 4.14.3-3249277+++UE4+Release-4.14
LogInit: Compatible Engine Version: 4.14.0-3195953+++UE4+Release-4.14
LogInit: Net CL: 3195953
LogDevObjectVersion: Number of dev versions registered: 13
LogDevObjectVersion:   Dev-Blueprints (B0D832E4-1F89-4F0D-ACCF-7EB736FD4AA2): 7
LogDevObjectVersion:   Dev-Build (E1C64328-A22C-4D53-A36C-8E866417BD8C): 0
LogDevObjectVersion:   Dev-Core (375EC13C-06E4-48FB-B500-84F0262A717E): 1
LogDevObjectVersion:   Dev-Editor (E4B068ED-F494-42E9-A231-DA0B2E46BB41): 8
LogDevObjectVersion:   Dev-Framework (CFFC743F-43B0-4480-9391-14DF171D2073): 17
LogDevObjectVersion:   Dev-Mobile (B02B49B5-BB20-44E9-A304-32B752E40360): 0
LogDevObjectVersion:   Dev-Networking (A4E4105C-59A1-49B5-A7C5-40C4547EDFEE): 0
LogDevObjectVersion:   Dev-Online (39C831C9-5AE6-47DC-9A44-9C173E1C8E7C): 0
LogDevObjectVersion:   Dev-Physics (78F01B33-EBEA-4F98-B9B4-84EACCB95AA2): 0
LogDevObjectVersion:   Dev-Platform (6631380F-2D4D-43E0-8009-CF276956A95A): 0
LogDevObjectVersion:   Dev-Rendering (12F88B9F-8875-4AFC-A67C-D90C383ABD29): 12
LogDevObjectVersion:   Dev-Sequencer (7B5AE74C-D270-4C10-A958-57980B212A5A): 1
LogDevObjectVersion:   Dev-VR (D7296918-1DD6-4BDD-9DE2-64A83CC13884): 0
LogInit: Compiled (64-bit): Jan  6 2017 10:49:43
LogInit: Compiled with Visual C++: 19.00.23026.00
LogInit: Build Configuration: Development
LogInit: Branch Name: ++UE4+Release-4.14
LogInit: Command line: -EpicPortal 
LogInit: Base directory: C:/Program Files/Epic Games/UE_4.14/Engine/Binaries/Win64/
LogInit: Installed Engine Build: 1
LogInit: Presizing for max 8388607 objects, including 0 objects not considered by GC, pre-allocating 0 bytes for permanent pool.
LogInit: Object subsystem initialized
[2017.01.29-02.41.51:867][  0]LogInit: Selected Device Profile: [Windows]
[2017.01.29-02.41.51:867][  0]LogInit: Applying CVar settings loaded from the selected device profile: [Windows]
[2017.01.29-02.41.51:872][  0]LogInit: Computer: FRED-PC
[2017.01.29-02.41.51:872][  0]LogInit: User: fred
[2017.01.29-02.41.51:872][  0]LogInit: CPU Page size=65536, Cores=4
[2017.01.29-02.41.51:872][  0]LogInit: High frequency timer resolution =3.421923 MHz
[2017.01.29-02.41.51:872][  0]LogMemory: Memory total: Physical=31.9GB (32GB approx)
[2017.01.29-02.41.51:872][  0]LogMemory: Platform Memory Stats for Windows
[2017.01.29-02.41.51:872][  0]LogMemory: Process Physical Memory: 272.98 MB used, 272.98 MB peak
[2017.01.29-02.41.51:872][  0]LogMemory: Process Virtual Memory: 269.89 MB used, 269.89 MB peak
[2017.01.29-02.41.51:872][  0]LogMemory: Physical Memory: 7169.53 MB used,  25522.44 MB free, 32691.96 MB total
[2017.01.29-02.41.51:872][  0]LogMemory: Virtual Memory: 700.05 MB used,  25522.44 MB free, 8388608.00 MB total
[2017.01.29-02.41.51:898][  0]LogTextLocalizationManager: No specific translations for ('en-CA') exist, so ('en') translations will be used.
[2017.01.29-02.41.52:321][  0]LogD3D11RHI: D3D11 adapters:
[2017.01.29-02.41.52:722][  0]LogD3D11RHI:    0. 'NVIDIA GeForce GTX 1080' (Feature Level 11_0)
[2017.01.29-02.41.52:722][  0]LogD3D11RHI:       8084/0/16089 MB DedicatedVideo/DedicatedSystem/SharedSystem, Outputs:1, VendorId:0x10de
[2017.01.29-02.41.52:722][  0]LogD3D11RHI: Chosen D3D11 Adapter: 0
[2017.01.29-02.41.52:725][  0]LogD3D11RHI: Creating new Direct3DDevice
[2017.01.29-02.41.52:725][  0]LogD3D11RHI:     GPU DeviceId: 0x1b80 (for the marketing name, search the web for "GPU Device Id")
[2017.01.29-02.41.52:725][  0]LogWindows: EnumDisplayDevices:
[2017.01.29-02.41.52:725][  0]LogWindows:    0. 'NVIDIA GeForce GTX 1080' (P:1 D:1)
[2017.01.29-02.41.52:725][  0]LogWindows:    1. 'NVIDIA GeForce GTX 1080' (P:0 D:0)
[2017.01.29-02.41.52:725][  0]LogWindows:    2. 'NVIDIA GeForce GTX 1080' (P:0 D:0)
[2017.01.29-02.41.52:725][  0]LogWindows:    3. 'NVIDIA GeForce GTX 1080' (P:0 D:0)
[2017.01.29-02.41.52:725][  0]LogWindows:    4. 'RDPDD Chained DD' (P:0 D:0)
[2017.01.29-02.41.52:725][  0]LogWindows:    5. 'RDP Encoder Mirror Driver' (P:0 D:0)
[2017.01.29-02.41.52:725][  0]LogWindows:    6. 'RDP Reflector Display Driver' (P:0 D:0)
[2017.01.29-02.41.52:725][  0]LogWindows: DebugString: GetVideoDriverDetailsInvalid PrimaryIsNotTheChoosenAdapter GetVideoDriverDetailsInvalid PrimaryIsNotTheChoosenAdapter GetVideoDriverDetailsInvalid PrimaryIsNotTheChoosenAdapter FoundDriverCount:4 
[2017.01.29-02.41.52:725][  0]LogD3D11RHI:     Adapter Name: NVIDIA GeForce GTX 1080
[2017.01.29-02.41.52:725][  0]LogD3D11RHI:   Driver Version: 372.90 (internal:21.21.13.7290, unified:372.90)
[2017.01.29-02.41.52:725][  0]LogD3D11RHI:      Driver Date: 9-16-2016
[2017.01.29-02.41.52:725][  0]LogRHI: Texture pool is 1361 MB (70% of 1945 MB)
[2017.01.29-02.41.53:099][  0]LogD3D11RHI: Async texture creation enabled
[2017.01.29-02.41.53:121][  0]LogD3D11RHI: GPU Timing Frequency: 1000.000000 (Debug: 2 2)
[2017.01.29-02.41.53:121][  0]LogShaderCompilers: Guid format shader working directory is -21 characters bigger than the processId version (../../../../../../Users/fred/Documents/Unreal Projects/FireDrillVR/Intermediate/Shaders/WorkingDirectory/8112/).
[2017.01.29-02.41.53:121][  0]LogShaderCompilers: Cleaned the shader compiler working directory 'C:/Users/fred/AppData/Local/Temp/UnrealShaderWorkingDir/DC2531DE4C4EE18C63C3D7BC4825F6B7/'.
[2017.01.29-02.41.53:121][  0]LogShaderCompilers:Display: Using Local Shader Compiler.
[2017.01.29-02.41.53:865][  0]LogTemp:Display: Loaded TP AllDesktopTargetPlatform
[2017.01.29-02.41.53:898][  0]LogTemp:Display: Loaded TP MacClientTargetPlatform
[2017.01.29-02.41.53:931][  0]LogTemp:Display: Loaded TP MacNoEditorTargetPlatform
[2017.01.29-02.41.53:965][  0]LogTemp:Display: Loaded TP MacServerTargetPlatform
[2017.01.29-02.41.53:998][  0]LogTemp:Display: Loaded TP MacTargetPlatform
[2017.01.29-02.41.54:030][  0]LogTemp:Display: Loaded TP WindowsClientTargetPlatform
[2017.01.29-02.41.54:063][  0]LogTemp:Display: Loaded TP WindowsNoEditorTargetPlatform
[2017.01.29-02.41.54:096][  0]LogTemp:Display: Loaded TP WindowsServerTargetPlatform
[2017.01.29-02.41.54:121][  0]LogTemp:Display: Loaded TP WindowsTargetPlatform
[2017.01.29-02.41.54:154][  0]LogTemp:Display: Loaded TP AndroidTargetPlatform
[2017.01.29-02.41.54:185][  0]LogTemp:Display: Loaded TP Android_ASTCTargetPlatform
[2017.01.29-02.41.54:218][  0]LogTemp:Display: Loaded TP Android_ATCTargetPlatform
[2017.01.29-02.41.54:250][  0]LogTemp:Display: Loaded TP Android_DXTTargetPlatform
[2017.01.29-02.41.54:282][  0]LogTemp:Display: Loaded TP Android_ETC1TargetPlatform
[2017.01.29-02.41.54:315][  0]LogTemp:Display: Loaded TP Android_ETC2TargetPlatform
[2017.01.29-02.41.54:378][  0]LogTemp:Display: Loaded TP Android_MultiTargetPlatform
[2017.01.29-02.41.54:378][  0]LogTemp:Display: Loaded TP Android_PVRTCTargetPlatform
[2017.01.29-02.41.54:399][  0]LogTemp:Display: Loaded TP HTML5TargetPlatform
[2017.01.29-02.41.54:455][  0]LogTemp:Display: Loaded TP IOSTargetPlatform
[2017.01.29-02.41.54:476][  0]LogTemp:Display: Loaded TP TVOSTargetPlatform
[2017.01.29-02.41.54:508][  0]LogTemp:Display: Loaded TP LinuxClientTargetPlatform
[2017.01.29-02.41.54:541][  0]LogTemp:Display: Loaded TP LinuxNoEditorTargetPlatform
[2017.01.29-02.41.54:572][  0]LogTemp:Display: Loaded TP LinuxServerTargetPlatform
[2017.01.29-02.41.54:604][  0]LogTemp:Display: Loaded TP LinuxTargetPlatform
[2017.01.29-02.41.54:604][  0]LogTargetPlatformManager:Display: Building Assets For Windows
[2017.01.29-02.41.54:812][  0]LogDerivedDataCache:Display: Max Cache Size: 512 MB
[2017.01.29-02.41.54:848][  0]LogDerivedDataCache: Loaded boot cache 0.04s 50MB C:/Users/fred/AppData/Local/UnrealEngine/4.14/DerivedDataCache/Boot.ddc.
[2017.01.29-02.41.54:848][  0]LogDerivedDataCache:Display: Loaded Boot cache: C:/Users/fred/AppData/Local/UnrealEngine/4.14/DerivedDataCache/Boot.ddc
[2017.01.29-02.41.54:848][  0]LogDerivedDataCache: FDerivedDataBackendGraph:  Pak pak cache file ../../../../../../Users/fred/Documents/Unreal Projects/FireDrillVR/DerivedDataCache/DDC.ddp not found, will not use a pak cache.
[2017.01.29-02.41.54:848][  0]LogDerivedDataCache: Unable to find inner node Pak for hierarchical cache Hierarchy.
[2017.01.29-02.41.54:848][  0]LogDerivedDataCache: FDerivedDataBackendGraph:  CompressedPak pak cache file ../../../../../../Users/fred/Documents/Unreal Projects/FireDrillVR/DerivedDataCache/Compressed.ddp not found, will not use a pak cache.
[2017.01.29-02.41.54:848][  0]LogDerivedDataCache: Unable to find inner node CompressedPak for hierarchical cache Hierarchy.
[2017.01.29-02.41.54:861][  0]LogDerivedDataCache:Display: Pak cache opened for reading ../../../Engine/DerivedDataCache/Compressed.ddp.
[2017.01.29-02.41.54:872][  0]LogDerivedDataCache: Using Local data cache path C:/Users/fred/AppData/Local/UnrealEngine/Common/DerivedDataCache: Writable
[2017.01.29-02.41.55:009][  0]LogInit: Selected Device Profile: [Windows]
[2017.01.29-02.41.55:011][  0]LogContentStreaming: Texture pool size is 0.00 MB
[2017.01.29-02.41.55:145][  0]LogMeshUtilities: Using QuadricMeshReduction for automatic static mesh reduction
[2017.01.29-02.41.55:168][  0]LogSimplygon: Simplygon DLL not present - disabling.
[2017.01.29-02.41.55:192][  0]LogMeshUtilities: Using SimplygonSwarm for distributed automatic mesh merging
[2017.01.29-02.41.55:192][  0]LogMeshUtilities: No automatic skeletal mesh reduction module available
[2017.01.29-02.41.55:192][  0]LogMeshUtilities: No automatic mesh merging module available
[2017.01.29-02.41.55:520][  0]LogNetVersion: GetLocalNetworkVersion: CL: 3195953, ProjectName: firedrillvr, ProjectVersion: , EngineNetworkVersion: 2, GameNetworkVersion: 0, NetworkChecksum: 3950248063
[2017.01.29-02.41.55:561][  0]LogAssetRegistry: FAssetRegistry took 0.0202 seconds to start up
[2017.01.29-02.41.55:610][  0]LogPackageLocalizationCache: Processed 3 localized package path(s) for 2 prioritized culture(s) in 0.037286 seconds
[2017.01.29-02.41.55:614][  0]LogUObjectArray: 31946 objects as part of root set at end of initial load.
[2017.01.29-02.41.55:614][  0]LogUObjectAllocator: 6935848 out of 0 bytes used by permanent object pool.
[2017.01.29-02.41.55:614][  0]LogUObjectArray: CloseDisregardForGC: 0/0 objects in disregard for GC pool
[2017.01.29-02.41.55:648][  0]LogInit: WinSock: version 1.1 (2.2), MaxSocks=32767, MaxUdp=65467
[2017.01.29-02.41.56:058][  0]LogSlate: Using Freetype 2.6.0
[2017.01.29-02.41.56:058][  0]LogSlate: SlateFontCache - WITH_FREETYPE: 1, WITH_HARFBUZZ: 1
[2017.01.29-02.41.56:058][  0]LogSlate: SlateFontCache - WITH_FREETYPE: 1, WITH_HARFBUZZ: 1
[2017.01.29-02.41.56:560][  0]LogTcpMessaging: Initializing TcpMessaging bridge
[2017.01.29-02.41.56:598][  0]LogUdpMessaging: Initializing bridge on interface 0.0.0.0:0 to multicast group 230.0.0.1:6666.
[2017.01.29-02.41.56:785][  0]LogMaterial: Uniform references updated for custom material expression Custom.
[2017.01.29-02.41.57:000][  0]SourceControl: Info Source control is disabled
[2017.01.29-02.41.57:000][  0]SourceControl: Info Source control is disabled
[2017.01.29-02.41.57:024][  0]SourceControl: Info Source control is disabled
[2017.01.29-02.41.57:048][  0]SourceControl: Info Source control is disabled
[2017.01.29-02.41.57:715][  0]LogEngine: Initializing Engine...
[2017.01.29-02.41.57:715][  0]LogHMD: Oculus plugin initialized. Version: 4.14.3-3249277+++UE4+Release-4.14, LibOVR: 1.10.2, SDK: 1.8.0, built Jan  6 2017, 10:50:26
[2017.01.29-02.41.57:812][  0]OCULUS: Debug: [HMDState] Using default profile default
[2017.01.29-02.41.57:812][  0]OCULUS: Info: IAD changed to 70.5mm
[2017.01.29-02.41.57:879][  0]LogAIModule: Creating AISystem for world Untitled
[2017.01.29-02.41.57:888][  0]LogInit: XAudio2 using 'Headphones (Rift Audio)' : 2 channels at 48 kHz using 16 bits per sample (channel mask 0x3)
[2017.01.29-02.41.57:893][  0]LogInit: FAudioDevice initialized.
[2017.01.29-02.41.57:910][  0]LogDerivedDataCache: Saved boot cache 0.02s 50MB C:/Users/fred/AppData/Local/UnrealEngine/4.14/DerivedDataCache/Boot.ddc.
[2017.01.29-02.41.57:914][  0]LogInit: Texture streaming: Enabled
[2017.01.29-02.41.58:010][  0]LogInit: Transaction tracking system initialized
[2017.01.29-02.41.58:190][  0]BlueprintLog: New page: Editor Load
[2017.01.29-02.41.58:698][  0]LocalizationService: Info Localization service is disabled
[2017.01.29-02.41.59:058][  0]LogConsoleResponse:Display: 
[2017.01.29-02.41.59:150][  0]LogCook:Display: Max memory allowance for cook 16384mb min free memory 0mb
[2017.01.29-02.41.59:150][  0]LogCook:Display: Mobile HDR setting 1
[2017.01.29-02.41.59:222][  0]LogFileCache: Scanning file cache for directory 'C:/Users/fred/Documents/Unreal Projects/FireDrillVR/Content/' took 0.01s
[2017.01.29-02.41.59:646][  0]SourceControl: Info Source control is disabled
[2017.01.29-02.41.59:646][  0]Cmd: MAP LOAD FILE="../../../../../../Users/fred/Documents/Unreal Projects/FireDrillVR/Content/FirstPersonBP/Maps/FirstPersonExampleMap.umap" TEMPLATE=0 SHOWPROGRESS=1 FEATURELEVEL=3
[2017.01.29-02.41.59:646][  0]LightingResults: New page: Lighting Build
[2017.01.29-02.41.59:667][  0]MapCheck: New page: Map Check
[2017.01.29-02.41.59:667][  0]LightingResults: New page: Lighting Build
[2017.01.29-02.42.00:128][  0]LogAIModule: Creating AISystem for world FirstPersonExampleMap
[2017.01.29-02.42.00:134][  0]LogEditorServer: Finished looking for orphan Actors (0.000 secs)
[2017.01.29-02.42.00:134][  0]Cmd: MAP CHECKDEP NOCLEARLOG
[2017.01.29-02.42.00:156][  0]MapCheck: Info Map check complete: 0 Error(s), 0 Warning(s), took 21.981ms to complete.
[2017.01.29-02.42.00:156][  0]LogFileHelpers: Loading map 'FirstPersonExampleMap' took 0.511
[2017.01.29-02.42.00:251][  0]LogCollectionManager: Loaded 0 collections in 0.000824 seconds
[2017.01.29-02.42.00:311][  0]LogFileCache: Scanning file cache for directory 'C:/Users/fred/Documents/Unreal Projects/FireDrillVR/Saved/Collections/' took 0.01s
[2017.01.29-02.42.00:311][  0]LogFileCache: Scanning file cache for directory 'C:/Users/fred/Documents/Unreal Projects/FireDrillVR/Content/Developers/fred/Collections/' took 0.01s
[2017.01.29-02.42.00:311][  0]LogFileCache: Scanning file cache for directory 'C:/Users/fred/Documents/Unreal Projects/FireDrillVR/Content/Collections/' took 0.01s
[2017.01.29-02.42.00:311][  0]LogCollectionManager: Rebuilt the GUID cache for 0 collections in 0.000001 seconds
[2017.01.29-02.42.00:318][  0]LogContentBrowser: Native class hierarchy populated in 0.0064 seconds. Added 2190 classes and 428 folders.
[2017.01.29-02.42.00:341][  0]LogStats: UGameplayTagsManager::ConstructGameplayTagTree: Construct from data asset -  0.000 s
[2017.01.29-02.42.00:341][  0]LogStats: UGameplayTagsManager::ConstructGameplayTagTree: GameplayTagTreeChangedEvent.Broadcast -  0.000 s
[2017.01.29-02.42.00:341][  0]LogContentBrowser: Native class hierarchy updated for 'GameplayTags' in 0.0004 seconds. Added 13 classes and 0 folders.
[2017.01.29-02.42.00:376][  0]LogContentBrowser: Native class hierarchy updated for 'WidgetCarousel' in 0.0003 seconds. Added 0 classes and 0 folders.
[2017.01.29-02.42.00:397][  0]LogContentBrowser: Native class hierarchy updated for 'AddContentDialog' in 0.0003 seconds. Added 0 classes and 0 folders.
[2017.01.29-02.42.00:422][  0]LogContentBrowser: Native class hierarchy updated for 'SceneOutliner' in 0.0003 seconds. Added 1 classes and 2 folders.
[2017.01.29-02.42.00:447][  0]LogCrashTracker: Crashtracker disabled due to settings.
[2017.01.29-02.42.00:450][  0]LogUObjectGlobals:Warning: Failed to find object 'Class None.'
[2017.01.29-02.42.00:493][  0]LogContentBrowser: Native class hierarchy updated for 'HierarchicalLODOutliner' in 0.0004 seconds. Added 1 classes and 2 folders.
[2017.01.29-02.42.00:493][  0]LogLoad: (Engine Initialization) Total time: 9.76 seconds
[2017.01.29-02.42.00:493][  0]LogLoad: (Engine Initialization) Total Blueprint compile time: 0.12 seconds
[2017.01.29-02.42.00:493][  0]LogExternalProfiler: Found external profiler: VSPerf
[2017.01.29-02.42.00:493][  0]LogExternalProfiler: Using external profiler: VSPerf
[2017.01.29-02.42.00:502][  0]LogOcInput: OculusInput pre-init called
[2017.01.29-02.42.00:511][  0]LogOcInput: OculusInput is initialized. Init status 0. Runtime version: 1.10.2
[2017.01.29-02.42.00:526][  0]LogAssetRegistry: Asset discovery search completed in 4.9851 seconds
[2017.01.29-02.42.00:526][  0]LogCollectionManager: Rebuilt the object cache for 0 collections in 0.000001 seconds (found 0 objects)
[2017.01.29-02.42.00:526][  0]LogCollectionManager: Fixed up redirectors for 0 collections in 0.000011 seconds (updated 0 objects)
[2017.01.29-02.42.00:528][  0]LogContentStreaming: Texture pool size now 1000 MB
[2017.01.29-02.42.00:645][  0]LogRenderer: Reallocating scene render targets to support 1188x576 NumSamples 1 (Frame:2).
[2017.01.29-02.42.04:760][473]LogEditorViewport: Clicking on Actor (LMB): StaticMeshActor (Floor)
[2017.01.29-02.42.05:625][572]LogTemp: Repeting last play command: Selected Viewport
[2017.01.29-02.42.05:629][572]LogBlueprintUserMessages: Early PlayInEditor Detection: Level '/Game/FirstPersonBP/Maps/FirstPersonExampleMap.FirstPersonExampleMap:PersistentLevel' has LevelScriptBlueprint '/Game/FirstPersonBP/Maps/FirstPersonExampleMap.FirstPersonExampleMap:PersistentLevel.FirstPersonExampleMap' with GeneratedClass '/Game/FirstPersonBP/Maps/FirstPersonExampleMap.FirstPersonExampleMap_C' with ClassGeneratedBy '/Game/FirstPersonBP/Maps/FirstPersonExampleMap.FirstPersonExampleMap:PersistentLevel.FirstPersonExampleMap'
[2017.01.29-02.42.05:629][572]LogPlayLevel: PlayLevel: No blueprints needed recompiling
[2017.01.29-02.42.05:630][572]OCULUS: Debug: [HMDState] Using default profile default
[2017.01.29-02.42.05:630][572]OCULUS: Info: IAD changed to 70.5mm
[2017.01.29-02.42.05:630][572]LogHMD: New ovr session is created
[2017.01.29-02.42.05:630][572]LogHMD: HMD Oculus Rift CV1, res = 2160 x 1200
[2017.01.29-02.42.05:631][572]PIE: New page: PIE session: FirstPersonExampleMap (Jan 28, 2017, 12:42:05 PM)
[2017.01.29-02.42.05:631][572]LogPlayLevel: Creating play world package: /Game/FirstPersonBP/Maps/UEDPIE_0_FirstPersonExampleMap
[2017.01.29-02.42.05:649][572]LogPlayLevel: PIE: StaticDuplicateObject took: (0.017926s)
[2017.01.29-02.42.05:649][572]LogAIModule: Creating AISystem for world FirstPersonExampleMap
[2017.01.29-02.42.05:649][572]LogPlayLevel: PIE: World Init took: (0.000515s)
[2017.01.29-02.42.05:649][572]LogPlayLevel: PIE: Created PIE world by copying editor world from /Game/FirstPersonBP/Maps/FirstPersonExampleMap.FirstPersonExampleMap to /Game/FirstPersonBP/Maps/UEDPIE_0_FirstPersonExampleMap.FirstPersonExampleMap (0.018623s)
[2017.01.29-02.42.05:669][572]LogInit: XAudio2 using 'Headphones (Rift Audio)' : 2 channels at 48 kHz using 16 bits per sample (channel mask 0x3)
[2017.01.29-02.42.05:672][572]LogInit: FAudioDevice initialized.
[2017.01.29-02.42.05:710][572]LogLoad: Game class is 'FirstPersonGameMode_C'
[2017.01.29-02.42.05:712][572]LogWorld: Bringing World /Game/FirstPersonBP/Maps/UEDPIE_0_FirstPersonExampleMap.FirstPersonExampleMap up for play (max tick rate 0) at 2017.01.28-19.42.05
[2017.01.29-02.42.05:712][572]LogWorld: Bringing up level for play took: 0.001771
[2017.01.29-02.42.05:736][572]LogContentBrowser: Native class hierarchy updated for 'MovieSceneCapture' in 0.0004 seconds. Added 11 classes and 0 folders.
[2017.01.29-02.42.05:736][572]PIE: Info Play in editor start time for /Game/FirstPersonBP/Maps/UEDPIE_0_FirstPersonExampleMap 0.263
[2017.01.29-02.42.05:737][572]LogBlueprintUserMessages: Late PlayInEditor Detection: Level '/Game/FirstPersonBP/Maps/FirstPersonExampleMap.FirstPersonExampleMap:PersistentLevel' has LevelScriptBlueprint '/Game/FirstPersonBP/Maps/FirstPersonExampleMap.FirstPersonExampleMap:PersistentLevel.FirstPersonExampleMap' with GeneratedClass '/Game/FirstPersonBP/Maps/FirstPersonExampleMap.FirstPersonExampleMap_C' with ClassGeneratedBy '/Game/FirstPersonBP/Maps/FirstPersonExampleMap.FirstPersonExampleMap:PersistentLevel.FirstPersonExampleMap'
[2017.01.29-02.42.10:575][149]LogBlueprintUserMessages: Early EndPlayMap Detection: Level '/Game/FirstPersonBP/Maps/FirstPersonExampleMap.FirstPersonExampleMap:PersistentLevel' has LevelScriptBlueprint '/Game/FirstPersonBP/Maps/FirstPersonExampleMap.FirstPersonExampleMap:PersistentLevel.FirstPersonExampleMap' with GeneratedClass '/Game/FirstPersonBP/Maps/FirstPersonExampleMap.FirstPersonExampleMap_C' with ClassGeneratedBy '/Game/FirstPersonBP/Maps/FirstPersonExampleMap.FirstPersonExampleMap:PersistentLevel.FirstPersonExampleMap'
[2017.01.29-02.42.10:576][149]LogHMD: Destroying ovr session
[2017.01.29-02.42.10:620][149]LogBlueprintUserMessages: Late EndPlayMap Detection: Level '/Game/FirstPersonBP/Maps/FirstPersonExampleMap.FirstPersonExampleMap:PersistentLevel' has LevelScriptBlueprint '/Game/FirstPersonBP/Maps/FirstPersonExampleMap.FirstPersonExampleMap:PersistentLevel.FirstPersonExampleMap' with GeneratedClass '/Game/FirstPersonBP/Maps/FirstPersonExampleMap.FirstPersonExampleMap_C' with ClassGeneratedBy '/Game/FirstPersonBP/Maps/FirstPersonExampleMap.FirstPersonExampleMap:PersistentLevel.FirstPersonExampleMap'
[2017.01.29-02.42.41:263][810]LogEditorActor: Deleted Actor: StaticMeshActor
[2017.01.29-02.42.41:264][810]LogEditorActor: Deleted Actor: StaticMeshActor
[2017.01.29-02.42.41:271][810]LogEditorActor: Deleted 2 Actors (0.035 secs)
[2017.01.29-02.42.44:146][155]Cmd: TRANSACTION UNDO
[2017.01.29-02.42.44:146][155]LogEditorTransaction: Undo Delete selection
[2017.01.29-02.42.55:466][485]Cmd: TRANSACTION UNDO
[2017.01.29-02.42.55:466][485]LogEditorTransaction: Undo Delete selection
[2017.01.29-02.42.55:467][485]LogActorComponent: ~FComponentReregisterContext: (/Game/FirstPersonBP/Maps/FirstPersonExampleMap.FirstPersonExampleMap:PersistentLevel.EditorCube13_7.StaticMeshComponent0) Component already registered.
[2017.01.29-02.43.04:265][460]LogEditorActor: Deleted Actor: StaticMeshActor
[2017.01.29-02.43.04:265][460]LogEditorActor: Deleted Actor: StaticMeshActor
[2017.01.29-02.43.04:265][460]LogEditorActor: Deleted Actor: StaticMeshActor
[2017.01.29-02.43.04:265][460]LogEditorActor: Deleted Actor: StaticMeshActor
[2017.01.29-02.43.04:266][460]LogEditorActor: Deleted Actor: StaticMeshActor
[2017.01.29-02.43.04:266][460]LogEditorActor: Deleted Actor: StaticMeshActor
[2017.01.29-02.43.04:266][460]LogEditorActor: Deleted Actor: StaticMeshActor
[2017.01.29-02.43.04:266][460]LogEditorActor: Deleted Actor: StaticMeshActor
[2017.01.29-02.43.04:266][460]LogEditorActor: Deleted Actor: StaticMeshActor
[2017.01.29-02.43.04:267][460]LogEditorActor: Deleted Actor: StaticMeshActor
[2017.01.29-02.43.04:267][460]LogEditorActor: Deleted Actor: StaticMeshActor
[2017.01.29-02.43.04:267][460]LogEditorActor: Deleted Actor: StaticMeshActor
[2017.01.29-02.43.04:267][460]LogEditorActor: Deleted Actor: StaticMeshActor
[2017.01.29-02.43.04:267][460]LogEditorActor: Deleted Actor: StaticMeshActor
[2017.01.29-02.43.04:274][460]LogEditorActor: Deleted 14 Actors (0.009 secs)
[2017.01.29-02.44.20:803][465]LogUObjectGlobals:Warning: Failed to find object 'Object None.LevelToolbarPlay'
[2017.01.29-02.44.53:311][962]LogEditorViewport: Clicking on Component (LMB): SkeletalMeshComponent (VR_Gun)
[2017.01.29-02.45.00:593][793]LogContentBrowser: Native class hierarchy updated for 'BlueprintGraph' in 0.0006 seconds. Added 111 classes and 0 folders.
[2017.01.29-02.45.39:681][783]LogEditorTransaction: Undo Delete current selection
[2017.01.29-02.45.41:800][988]LogRenderer: Reallocating scene render targets to support 1188x648 NumSamples 1 (Frame:42221).
[2017.01.29-02.45.45:586][434]LogScript:Warning: Accessed None trying to read property FP_Gun
	FirstPersonCharacter_C /Game/FirstPersonBP/Maps/FirstPersonExampleMap.FirstPersonExampleMap:PersistentLevel.FirstPersonCharacter_C_1
	Function /Game/FirstPersonBP/Blueprints/FirstPersonCharacter.FirstPersonCharacter_C:UserConstructionScript:0017
[2017.01.29-02.45.45:599][434]LogScript:Warning: Accessed None trying to read property FP_Gun
	FirstPersonCharacter_C /Engine/Transient.World_4:PersistentLevel.FirstPersonCharacter_C_0
	Function /Game/FirstPersonBP/Blueprints/FirstPersonCharacter.FirstPersonCharacter_C:UserConstructionScript:0017
[2017.01.29-02.45.45:601][434]LogScript:Warning: Accessed None trying to read property FP_Gun
	FirstPersonCharacter_C /Engine/Transient.World_7:PersistentLevel.FirstPersonCharacter_C_1
	Function /Game/FirstPersonBP/Blueprints/FirstPersonCharacter.FirstPersonCharacter_C:UserConstructionScript:0017
[2017.01.29-02.45.45:633][434]LogScript:Warning: Accessed None trying to read property FP_Gun
	FirstPersonCharacter_C /Engine/Transient.World_7:PersistentLevel.FirstPersonCharacter_C_1
	Function /Game/FirstPersonBP/Blueprints/FirstPersonCharacter.FirstPersonCharacter_C:UserConstructionScript:0017
[2017.01.29-02.45.47:985][697]LogScript:Warning: Accessed None trying to read property FP_Gun
	FirstPersonCharacter_C /Game/FirstPersonBP/Maps/FirstPersonExampleMap.FirstPersonExampleMap:PersistentLevel.FirstPersonCharacter_C_1
	Function /Game/FirstPersonBP/Blueprints/FirstPersonCharacter.FirstPersonCharacter_C:UserConstructionScript:0017
[2017.01.29-02.45.47:986][697]LogScript:Warning: Accessed None trying to read property FP_Gun
	FirstPersonCharacter_C /Engine/Transient.World_4:PersistentLevel.FirstPersonCharacter_C_0
	Function /Game/FirstPersonBP/Blueprints/FirstPersonCharacter.FirstPersonCharacter_C:UserConstructionScript:0017
[2017.01.29-02.45.47:987][697]LogScript:Warning: Accessed None trying to read property FP_Gun
	FirstPersonCharacter_C /Engine/Transient.World_7:PersistentLevel.FirstPersonCharacter_C_1
	Function /Game/FirstPersonBP/Blueprints/FirstPersonCharacter.FirstPersonCharacter_C:UserConstructionScript:0017
[2017.01.29-02.45.48:012][697]LogScript:Warning: Accessed None trying to read property FP_Gun
	FirstPersonCharacter_C /Engine/Transient.World_7:PersistentLevel.FirstPersonCharacter_C_1
	Function /Game/FirstPersonBP/Blueprints/FirstPersonCharacter.FirstPersonCharacter_C:UserConstructionScript:0017
[2017.01.29-02.45.49:543][863]LogScript:Warning: Accessed None trying to read property FP_Gun
	FirstPersonCharacter_C /Game/FirstPersonBP/Maps/FirstPersonExampleMap.FirstPersonExampleMap:PersistentLevel.FirstPersonCharacter_C_1
	Function /Game/FirstPersonBP/Blueprints/FirstPersonCharacter.FirstPersonCharacter_C:UserConstructionScript:0017
[2017.01.29-02.45.49:544][863]LogScript:Warning: Accessed None trying to read property FP_Gun
	FirstPersonCharacter_C /Engine/Transient.World_4:PersistentLevel.FirstPersonCharacter_C_0
	Function /Game/FirstPersonBP/Blueprints/FirstPersonCharacter.FirstPersonCharacter_C:UserConstructionScript:0017
[2017.01.29-02.45.49:545][863]LogScript:Warning: Accessed None trying to read property FP_Gun
	FirstPersonCharacter_C /Engine/Transient.World_7:PersistentLevel.FirstPersonCharacter_C_1
	Function /Game/FirstPersonBP/Blueprints/FirstPersonCharacter.FirstPersonCharacter_C:UserConstructionScript:0017
[2017.01.29-02.45.49:567][863]LogScript:Warning: Accessed None trying to read property FP_Gun
	FirstPersonCharacter_C /Engine/Transient.World_7:PersistentLevel.FirstPersonCharacter_C_1
	Function /Game/FirstPersonBP/Blueprints/FirstPersonCharacter.FirstPersonCharacter_C:UserConstructionScript:0017
[2017.01.29-02.46.05:876][781]LogTemp: Repeting last play command: Selected Viewport
[2017.01.29-02.46.05:882][781]LogBlueprintUserMessages: Early PlayInEditor Detection: Level '/Game/FirstPersonBP/Maps/FirstPersonExampleMap.FirstPersonExampleMap:PersistentLevel' has LevelScriptBlueprint '/Game/FirstPersonBP/Maps/FirstPersonExampleMap.FirstPersonExampleMap:PersistentLevel.FirstPersonExampleMap' with GeneratedClass '/Game/FirstPersonBP/Maps/FirstPersonExampleMap.FirstPersonExampleMap_C' with ClassGeneratedBy '/Game/FirstPersonBP/Maps/FirstPersonExampleMap.FirstPersonExampleMap:PersistentLevel.FirstPersonExampleMap'
[2017.01.29-02.46.05:882][781]BlueprintLog: New page: Pre-Play auto-recompile
[2017.01.29-02.46.05:882][781]LogPlayLevel: [PlayLevel] Compiling FirstPersonCharacter before play...
[2017.01.29-02.46.05:898][781]LogBlueprint:Error: [Compiler FirstPersonCharacter] Error This blueprint (self) is not a SceneComponent, therefore ' self ' must have a connection.
[2017.01.29-02.46.05:899][781]LogBlueprint:Error: [Compiler FirstPersonCharacter] Error This blueprint (self) is not a SceneComponent, therefore ' self ' must have a connection.
[2017.01.29-02.46.05:899][781]LogBlueprint:Error: [Compiler FirstPersonCharacter] Error This blueprint (self) is not a SceneComponent, therefore ' self ' must have a connection.
[2017.01.29-02.46.06:196][781]LogBlueprint:Warning: [Compiler FirstPersonCharacter] Warning [0255.46] Compile of FirstPersonCharacter failed. 3 Fatal Issue(s) 0 Warning(s) [in 305 ms] (/Game/FirstPersonBP/Blueprints/FirstPersonCharacter.FirstPersonCharacter)
[2017.01.29-02.46.06:196][781]LogBlueprint:Warning: [Compiler FirstPersonCharacter] Warning [0255.46] Compile of FirstPersonCharacter failed. 3 Fatal Issue(s) 1 Warning(s) [in 0 ms] (/Game/FirstPersonBP/Blueprints/FirstPersonCharacter.FirstPersonCharacter)
[2017.01.29-02.46.06:196][781]LogBlueprint:Warning: [Compiler FirstPersonCharacter] Warning [0255.46] Compile of FirstPersonCharacter failed. 3 Fatal Issue(s) 2 Warning(s) [in 0 ms] (/Game/FirstPersonBP/Blueprints/FirstPersonCharacter.FirstPersonCharacter)
[2017.01.29-02.46.06:196][781]LogBlueprint:Warning: [Compiler FirstPersonCharacter] Warning [0255.46] Compile of FirstPersonCharacter failed. 3 Fatal Issue(s) 3 Warning(s) [in 0 ms] (/Game/FirstPersonBP/Blueprints/FirstPersonCharacter.FirstPersonCharacter)
[2017.01.29-02.46.06:197][781]LogBlueprint:Warning: [Compiler FirstPersonCharacter] Warning [0255.47] Compile of FirstPersonCharacter failed. 3 Fatal Issue(s) 4 Warning(s) [in 0 ms] (/Game/FirstPersonBP/Blueprints/FirstPersonCharacter.FirstPersonCharacter)
[2017.01.29-02.46.06:197][781]LogBlueprint:Warning: [Compiler FirstPersonCharacter] Warning [0255.47] Compile of FirstPersonCharacter failed. 3 Fatal Issue(s) 5 Warning(s) [in 0 ms] (/Game/FirstPersonBP/Blueprints/FirstPersonCharacter.FirstPersonCharacter)
[2017.01.29-02.46.06:213][781]LogPlayLevel: PlayLevel: Blueprint regeneration took 331 ms (1 blueprints)
[2017.01.29-02.46.06:214][781]BlueprintLog: Info Blueprint FirstPersonCharacter failed to compile
[2017.01.29-02.46.58:028][ 42]LogTemp: Repeting last play command: Selected Viewport
[2017.01.29-02.46.58:033][ 42]LogBlueprintUserMessages: Early PlayInEditor Detection: Level '/Game/FirstPersonBP/Maps/FirstPersonExampleMap.FirstPersonExampleMap:PersistentLevel' has LevelScriptBlueprint '/Game/FirstPersonBP/Maps/FirstPersonExampleMap.FirstPersonExampleMap:PersistentLevel.FirstPersonExampleMap' with GeneratedClass '/Game/FirstPersonBP/Maps/FirstPersonExampleMap.FirstPersonExampleMap_C' with ClassGeneratedBy '/Game/FirstPersonBP/Maps/FirstPersonExampleMap.FirstPersonExampleMap:PersistentLevel.FirstPersonExampleMap'
[2017.01.29-02.46.58:033][ 42]BlueprintLog: New page: Pre-Play auto-recompile
[2017.01.29-02.46.58:033][ 42]LogPlayLevel: [PlayLevel] Compiling FirstPersonCharacter before play...
[2017.01.29-02.46.58:047][ 42]LogBlueprint:Error: [Compiler FirstPersonCharacter] Error This blueprint (self) is not a SceneComponent, therefore ' self ' must have a connection.
[2017.01.29-02.46.58:203][ 42]LogBlueprint:Warning: [Compiler FirstPersonCharacter] Warning [0307.47] Compile of FirstPersonCharacter failed. 1 Fatal Issue(s) 0 Warning(s) [in 162 ms] (/Game/FirstPersonBP/Blueprints/FirstPersonCharacter.FirstPersonCharacter)
[2017.01.29-02.46.58:203][ 42]LogBlueprint:Warning: [Compiler FirstPersonCharacter] Warning [0307.47] Compile of FirstPersonCharacter failed. 1 Fatal Issue(s) 1 Warning(s) [in 0 ms] (/Game/FirstPersonBP/Blueprints/FirstPersonCharacter.FirstPersonCharacter)
[2017.01.29-02.46.58:203][ 42]LogBlueprint:Warning: [Compiler FirstPersonCharacter] Warning [0307.47] Compile of FirstPersonCharacter failed. 1 Fatal Issue(s) 2 Warning(s) [in 0 ms] (/Game/FirstPersonBP/Blueprints/FirstPersonCharacter.FirstPersonCharacter)
[2017.01.29-02.46.58:203][ 42]LogBlueprint:Warning: [Compiler FirstPersonCharacter] Warning [0307.47] Compile of FirstPersonCharacter failed. 1 Fatal Issue(s) 3 Warning(s) [in 0 ms] (/Game/FirstPersonBP/Blueprints/FirstPersonCharacter.FirstPersonCharacter)
[2017.01.29-02.46.58:206][ 42]LogBlueprint:Warning: [Compiler FirstPersonCharacter] Warning [0307.47] Compile of FirstPersonCharacter failed. 1 Fatal Issue(s) 4 Warning(s) [in 3 ms] (/Game/FirstPersonBP/Blueprints/FirstPersonCharacter.FirstPersonCharacter)
[2017.01.29-02.46.58:206][ 42]LogBlueprint:Warning: [Compiler FirstPersonCharacter] Warning [0307.47] Compile of FirstPersonCharacter failed. 1 Fatal Issue(s) 5 Warning(s) [in 0 ms] (/Game/FirstPersonBP/Blueprints/FirstPersonCharacter.FirstPersonCharacter)
[2017.01.29-02.46.58:217][ 42]LogPlayLevel: PlayLevel: Blueprint regeneration took 184 ms (1 blueprints)
[2017.01.29-02.46.58:217][ 42]BlueprintLog: Info Blueprint FirstPersonCharacter failed to compile
[2017.01.29-02.47.09:989][ 15]LogTemp: Repeting last play command: Selected Viewport
[2017.01.29-02.47.09:993][ 15]LogBlueprintUserMessages: Early PlayInEditor Detection: Level '/Game/FirstPersonBP/Maps/FirstPersonExampleMap.FirstPersonExampleMap:PersistentLevel' has LevelScriptBlueprint '/Game/FirstPersonBP/Maps/FirstPersonExampleMap.FirstPersonExampleMap:PersistentLevel.FirstPersonExampleMap' with GeneratedClass '/Game/FirstPersonBP/Maps/FirstPersonExampleMap.FirstPersonExampleMap_C' with ClassGeneratedBy '/Game/FirstPersonBP/Maps/FirstPersonExampleMap.FirstPersonExampleMap:PersistentLevel.FirstPersonExampleMap'
[2017.01.29-02.47.09:993][ 15]LogPlayLevel: PlayLevel: No blueprints needed recompiling
[2017.01.29-02.47.25:794][607]LogTemp: Repeting last play command: Selected Viewport
[2017.01.29-02.47.25:798][607]LogBlueprintUserMessages: Early PlayInEditor Detection: Level '/Game/FirstPersonBP/Maps/FirstPersonExampleMap.FirstPersonExampleMap:PersistentLevel' has LevelScriptBlueprint '/Game/FirstPersonBP/Maps/FirstPersonExampleMap.FirstPersonExampleMap:PersistentLevel.FirstPersonExampleMap' with GeneratedClass '/Game/FirstPersonBP/Maps/FirstPersonExampleMap.FirstPersonExampleMap_C' with ClassGeneratedBy '/Game/FirstPersonBP/Maps/FirstPersonExampleMap.FirstPersonExampleMap:PersistentLevel.FirstPersonExampleMap'
[2017.01.29-02.47.25:798][607]BlueprintLog: New page: Pre-Play auto-recompile
[2017.01.29-02.47.25:798][607]LogPlayLevel: [PlayLevel] Compiling FirstPersonCharacter before play...
[2017.01.29-02.47.25:905][607]LogPlayLevel: PlayLevel: Blueprint regeneration took 107 ms (1 blueprints)
[2017.01.29-02.47.25:906][607]OCULUS: Debug: [HMDState] Using default profile default
[2017.01.29-02.47.25:906][607]OCULUS: Info: IAD changed to 70.5mm
[2017.01.29-02.47.25:906][607]LogHMD: New ovr session is created
[2017.01.29-02.47.25:906][607]LogHMD: HMD Oculus Rift CV1, res = 2160 x 1200
[2017.01.29-02.47.25:906][607]PIE: New page: PIE session: FirstPersonExampleMap (Jan 28, 2017, 12:47:25 PM)
[2017.01.29-02.47.25:906][607]LogPlayLevel: Creating play world package: /Game/FirstPersonBP/Maps/UEDPIE_0_FirstPersonExampleMap
[2017.01.29-02.47.25:919][607]LogPlayLevel: PIE: StaticDuplicateObject took: (0.012948s)
[2017.01.29-02.47.25:920][607]LogAIModule: Creating AISystem for world FirstPersonExampleMap
[2017.01.29-02.47.25:920][607]LogPlayLevel: PIE: World Init took: (0.000652s)
[2017.01.29-02.47.25:920][607]LogPlayLevel: PIE: Created PIE world by copying editor world from /Game/FirstPersonBP/Maps/FirstPersonExampleMap.FirstPersonExampleMap to /Game/FirstPersonBP/Maps/UEDPIE_0_FirstPersonExampleMap.FirstPersonExampleMap (0.013769s)
[2017.01.29-02.47.25:961][607]LogInit: XAudio2 using 'Headphones (Rift Audio)' : 2 channels at 48 kHz using 16 bits per sample (channel mask 0x3)
[2017.01.29-02.47.25:965][607]LogInit: FAudioDevice initialized.
[2017.01.29-02.47.25:993][607]LogLoad: Game class is 'FirstPersonGameMode_C'
[2017.01.29-02.47.25:998][607]LogWorld: Bringing World /Game/FirstPersonBP/Maps/UEDPIE_0_FirstPersonExampleMap.FirstPersonExampleMap up for play (max tick rate 0) at 2017.01.28-19.47.25
[2017.01.29-02.47.25:998][607]LogWorld: Bringing up level for play took: 0.001039
[2017.01.29-02.47.25:999][607]PIE: Info Play in editor start time for /Game/FirstPersonBP/Maps/UEDPIE_0_FirstPersonExampleMap 0.521
[2017.01.29-02.47.25:999][607]LogBlueprintUserMessages: Late PlayInEditor Detection: Level '/Game/FirstPersonBP/Maps/FirstPersonExampleMap.FirstPersonExampleMap:PersistentLevel' has LevelScriptBlueprint '/Game/FirstPersonBP/Maps/FirstPersonExampleMap.FirstPersonExampleMap:PersistentLevel.FirstPersonExampleMap' with GeneratedClass '/Game/FirstPersonBP/Maps/FirstPersonExampleMap.FirstPersonExampleMap_C' with ClassGeneratedBy '/Game/FirstPersonBP/Maps/FirstPersonExampleMap.FirstPersonExampleMap:PersistentLevel.FirstPersonExampleMap'
[2017.01.29-02.48.19:653][935]LogBlueprintUserMessages: Early EndPlayMap Detection: Level '/Game/FirstPersonBP/Maps/FirstPersonExampleMap.FirstPersonExampleMap:PersistentLevel' has LevelScriptBlueprint '/Game/FirstPersonBP/Maps/FirstPersonExampleMap.FirstPersonExampleMap:PersistentLevel.FirstPersonExampleMap' with GeneratedClass '/Game/FirstPersonBP/Maps/FirstPersonExampleMap.FirstPersonExampleMap_C' with ClassGeneratedBy '/Game/FirstPersonBP/Maps/FirstPersonExampleMap.FirstPersonExampleMap:PersistentLevel.FirstPersonExampleMap'
[2017.01.29-02.48.19:654][935]LogHMD: Destroying ovr session
[2017.01.29-02.48.19:734][935]LogBlueprintUserMessages: Late EndPlayMap Detection: Level '/Game/FirstPersonBP/Maps/FirstPersonExampleMap.FirstPersonExampleMap:PersistentLevel' has LevelScriptBlueprint '/Game/FirstPersonBP/Maps/FirstPersonExampleMap.FirstPersonExampleMap:PersistentLevel.FirstPersonExampleMap' with GeneratedClass '/Game/FirstPersonBP/Maps/FirstPersonExampleMap.FirstPersonExampleMap_C' with ClassGeneratedBy '/Game/FirstPersonBP/Maps/FirstPersonExampleMap.FirstPersonExampleMap:PersistentLevel.FirstPersonExampleMap'
[2017.01.29-02.49.14:486][335]LogEditorViewport: Clicking on Actor (LMB): TextRenderActor (TemplateLabel)
[2017.01.29-02.49.15:372][436]Cmd: DELETE
[2017.01.29-02.49.15:372][436]Cmd: ACTOR DELETE
[2017.01.29-02.49.15:373][436]LogEditorActor: Deleted Actor: TextRenderActor
[2017.01.29-02.49.15:384][436]LogEditorActor: Deleted 1 Actors (0.012 secs)
[2017.01.29-02.49.18:148][768]LogEditorViewport: Clicking on Actor (LMB): FirstPersonCharacter_C (FirstPersonCharacter)
[2017.01.29-02.49.24:513][523]LogEditorViewport: Clicking on Actor (LMB): FirstPersonCharacter_C (FirstPersonCharacter)
[2017.01.29-02.49.25:201][605]LogEditorViewport: Clicking on Actor (LMB): FirstPersonCharacter_C (FirstPersonCharacter)
[2017.01.29-02.49.25:457][635]LogEditorViewport: Clicking on Component (LMB): CameraComponent (FirstPersonCamera)
[2017.01.29-02.49.25:779][670]LogEditorViewport: Clicking on Component (LMB): CameraComponent (FirstPersonCamera)
[2017.01.29-02.49.56:983][348]LogTemp: Repeting last play command: Selected Viewport
[2017.01.29-02.49.56:987][348]LogBlueprintUserMessages: Early PlayInEditor Detection: Level '/Game/FirstPersonBP/Maps/FirstPersonExampleMap.FirstPersonExampleMap:PersistentLevel' has LevelScriptBlueprint '/Game/FirstPersonBP/Maps/FirstPersonExampleMap.FirstPersonExampleMap:PersistentLevel.FirstPersonExampleMap' with GeneratedClass '/Game/FirstPersonBP/Maps/FirstPersonExampleMap.FirstPersonExampleMap_C' with ClassGeneratedBy '/Game/FirstPersonBP/Maps/FirstPersonExampleMap.FirstPersonExampleMap:PersistentLevel.FirstPersonExampleMap'
[2017.01.29-02.49.56:987][348]BlueprintLog: New page: Pre-Play auto-recompile
[2017.01.29-02.49.56:987][348]LogPlayLevel: [PlayLevel] Compiling FirstPersonCharacter before play...
[2017.01.29-02.49.57:402][348]LogPlayLevel: PlayLevel: Blueprint regeneration took 415 ms (1 blueprints)
[2017.01.29-02.49.57:403][348]OCULUS: Debug: [HMDState] Using default profile default
[2017.01.29-02.49.57:403][348]OCULUS: Info: IAD changed to 70.5mm
[2017.01.29-02.49.57:403][348]LogHMD: New ovr session is created
[2017.01.29-02.49.57:404][348]LogHMD: HMD Oculus Rift CV1, res = 2160 x 1200
[2017.01.29-02.49.57:404][348]PIE: New page: PIE session: FirstPersonExampleMap (Jan 28, 2017, 12:49:57 PM)
[2017.01.29-02.49.57:404][348]LogPlayLevel: Creating play world package: /Game/FirstPersonBP/Maps/UEDPIE_0_FirstPersonExampleMap
[2017.01.29-02.49.57:417][348]LogPlayLevel: PIE: StaticDuplicateObject took: (0.013129s)
[2017.01.29-02.49.57:417][348]LogAIModule: Creating AISystem for world FirstPersonExampleMap
[2017.01.29-02.49.57:418][348]LogPlayLevel: PIE: World Init took: (0.000577s)
[2017.01.29-02.49.57:418][348]LogPlayLevel: PIE: Created PIE world by copying editor world from /Game/FirstPersonBP/Maps/FirstPersonExampleMap.FirstPersonExampleMap to /Game/FirstPersonBP/Maps/UEDPIE_0_FirstPersonExampleMap.FirstPersonExampleMap (0.013874s)
[2017.01.29-02.49.57:457][348]LogInit: XAudio2 using 'Headphones (Rift Audio)' : 2 channels at 48 kHz using 16 bits per sample (channel mask 0x3)
[2017.01.29-02.49.57:461][348]LogInit: FAudioDevice initialized.
[2017.01.29-02.49.57:490][348]LogLoad: Game class is 'FirstPersonGameMode_C'
[2017.01.29-02.49.57:491][348]LogWorld: Bringing World /Game/FirstPersonBP/Maps/UEDPIE_0_FirstPersonExampleMap.FirstPersonExampleMap up for play (max tick rate 0) at 2017.01.28-19.49.57
[2017.01.29-02.49.57:492][348]LogWorld: Bringing up level for play took: 0.001062
[2017.01.29-02.49.57:492][348]PIE: Info Play in editor start time for /Game/FirstPersonBP/Maps/UEDPIE_0_FirstPersonExampleMap 0.013
[2017.01.29-02.49.57:492][348]LogBlueprintUserMessages: Late PlayInEditor Detection: Level '/Game/FirstPersonBP/Maps/FirstPersonExampleMap.FirstPersonExampleMap:PersistentLevel' has LevelScriptBlueprint '/Game/FirstPersonBP/Maps/FirstPersonExampleMap.FirstPersonExampleMap:PersistentLevel.FirstPersonExampleMap' with GeneratedClass '/Game/FirstPersonBP/Maps/FirstPersonExampleMap.FirstPersonExampleMap_C' with ClassGeneratedBy '/Game/FirstPersonBP/Maps/FirstPersonExampleMap.FirstPersonExampleMap:PersistentLevel.FirstPersonExampleMap'
[2017.01.29-02.50.01:834][624]LogBlueprintUserMessages: Early EndPlayMap Detection: Level '/Game/FirstPersonBP/Maps/FirstPersonExampleMap.FirstPersonExampleMap:PersistentLevel' has LevelScriptBlueprint '/Game/FirstPersonBP/Maps/FirstPersonExampleMap.FirstPersonExampleMap:PersistentLevel.FirstPersonExampleMap' with GeneratedClass '/Game/FirstPersonBP/Maps/FirstPersonExampleMap.FirstPersonExampleMap_C' with ClassGeneratedBy '/Game/FirstPersonBP/Maps/FirstPersonExampleMap.FirstPersonExampleMap:PersistentLevel.FirstPersonExampleMap'
[2017.01.29-02.50.01:834][624]LogHMD: Destroying ovr session
[2017.01.29-02.50.01:889][624]LogBlueprintUserMessages: Late EndPlayMap Detection: Level '/Game/FirstPersonBP/Maps/FirstPersonExampleMap.FirstPersonExampleMap:PersistentLevel' has LevelScriptBlueprint '/Game/FirstPersonBP/Maps/FirstPersonExampleMap.FirstPersonExampleMap:PersistentLevel.FirstPersonExampleMap' with GeneratedClass '/Game/FirstPersonBP/Maps/FirstPersonExampleMap.FirstPersonExampleMap_C' with ClassGeneratedBy '/Game/FirstPersonBP/Maps/FirstPersonExampleMap.FirstPersonExampleMap:PersistentLevel.FirstPersonExampleMap'
[2017.01.29-02.50.03:311][784]LogEditorTransaction: Undo Remove Components
[2017.01.29-02.52.39:146][326]LogTemp: Repeting last play command: Selected Viewport
[2017.01.29-02.52.39:151][326]LogBlueprintUserMessages: Early PlayInEditor Detection: Level '/Game/FirstPersonBP/Maps/FirstPersonExampleMap.FirstPersonExampleMap:PersistentLevel' has LevelScriptBlueprint '/Game/FirstPersonBP/Maps/FirstPersonExampleMap.FirstPersonExampleMap:PersistentLevel.FirstPersonExampleMap' with GeneratedClass '/Game/FirstPersonBP/Maps/FirstPersonExampleMap.FirstPersonExampleMap_C' with ClassGeneratedBy '/Game/FirstPersonBP/Maps/FirstPersonExampleMap.FirstPersonExampleMap:PersistentLevel.FirstPersonExampleMap'
[2017.01.29-02.52.39:151][326]BlueprintLog: New page: Pre-Play auto-recompile
[2017.01.29-02.52.39:151][326]LogPlayLevel: [PlayLevel] Compiling FirstPersonCharacter before play...
[2017.01.29-02.52.39:410][326]LogPlayLevel: [PlayLevel] Compiling FirstPersonHUD before play...
[2017.01.29-02.52.39:474][326]LogPlayLevel: PlayLevel: Blueprint regeneration took 323 ms (2 blueprints)
[2017.01.29-02.52.39:475][326]OCULUS: Debug: [HMDState] Using default profile default
[2017.01.29-02.52.39:475][326]OCULUS: Info: IAD changed to 70.5mm
[2017.01.29-02.52.39:475][326]LogHMD: New ovr session is created
[2017.01.29-02.52.39:475][326]LogHMD: HMD Oculus Rift CV1, res = 2160 x 1200
[2017.01.29-02.52.39:476][326]PIE: New page: PIE session: FirstPersonExampleMap (Jan 28, 2017, 12:52:39 PM)
[2017.01.29-02.52.39:476][326]LogPlayLevel: Creating play world package: /Game/FirstPersonBP/Maps/UEDPIE_0_FirstPersonExampleMap
[2017.01.29-02.52.39:487][326]LogPlayLevel: PIE: StaticDuplicateObject took: (0.010931s)
[2017.01.29-02.52.39:487][326]LogAIModule: Creating AISystem for world FirstPersonExampleMap
[2017.01.29-02.52.39:487][326]LogPlayLevel: PIE: World Init took: (0.000553s)
[2017.01.29-02.52.39:487][326]LogPlayLevel: PIE: Created PIE world by copying editor world from /Game/FirstPersonBP/Maps/FirstPersonExampleMap.FirstPersonExampleMap to /Game/FirstPersonBP/Maps/UEDPIE_0_FirstPersonExampleMap.FirstPersonExampleMap (0.011654s)
[2017.01.29-02.52.39:524][326]LogHMD: Vision Tracking Acquired
[2017.01.29-02.52.39:531][326]LogInit: XAudio2 using 'Headphones (Rift Audio)' : 2 channels at 48 kHz using 16 bits per sample (channel mask 0x3)
[2017.01.29-02.52.39:534][326]LogInit: FAudioDevice initialized.
[2017.01.29-02.52.39:561][326]LogLoad: Game class is 'FirstPersonGameMode_C'
[2017.01.29-02.52.39:563][326]LogWorld: Bringing World /Game/FirstPersonBP/Maps/UEDPIE_0_FirstPersonExampleMap.FirstPersonExampleMap up for play (max tick rate 0) at 2017.01.28-19.52.39
[2017.01.29-02.52.39:563][326]LogWorld: Bringing up level for play took: 0.001159
[2017.01.29-02.52.39:564][326]PIE: Info Play in editor start time for /Game/FirstPersonBP/Maps/UEDPIE_0_FirstPersonExampleMap 0.082
[2017.01.29-02.52.39:564][326]LogBlueprintUserMessages: Late PlayInEditor Detection: Level '/Game/FirstPersonBP/Maps/FirstPersonExampleMap.FirstPersonExampleMap:PersistentLevel' has LevelScriptBlueprint '/Game/FirstPersonBP/Maps/FirstPersonExampleMap.FirstPersonExampleMap:PersistentLevel.FirstPersonExampleMap' with GeneratedClass '/Game/FirstPersonBP/Maps/FirstPersonExampleMap.FirstPersonExampleMap_C' with ClassGeneratedBy '/Game/FirstPersonBP/Maps/FirstPersonExampleMap.FirstPersonExampleMap:PersistentLevel.FirstPersonExampleMap'
[2017.01.29-02.52.48:342][378]LogBlueprintUserMessages: Early EndPlayMap Detection: Level '/Game/FirstPersonBP/Maps/FirstPersonExampleMap.FirstPersonExampleMap:PersistentLevel' has LevelScriptBlueprint '/Game/FirstPersonBP/Maps/FirstPersonExampleMap.FirstPersonExampleMap:PersistentLevel.FirstPersonExampleMap' with GeneratedClass '/Game/FirstPersonBP/Maps/FirstPersonExampleMap.FirstPersonExampleMap_C' with ClassGeneratedBy '/Game/FirstPersonBP/Maps/FirstPersonExampleMap.FirstPersonExampleMap:PersistentLevel.FirstPersonExampleMap'
[2017.01.29-02.52.48:342][378]LogHMD: Destroying ovr session
[2017.01.29-02.52.48:398][378]LogBlueprintUserMessages: Late EndPlayMap Detection: Level '/Game/FirstPersonBP/Maps/FirstPersonExampleMap.FirstPersonExampleMap:PersistentLevel' has LevelScriptBlueprint '/Game/FirstPersonBP/Maps/FirstPersonExampleMap.FirstPersonExampleMap:PersistentLevel.FirstPersonExampleMap' with GeneratedClass '/Game/FirstPersonBP/Maps/FirstPersonExampleMap.FirstPersonExampleMap_C' with ClassGeneratedBy '/Game/FirstPersonBP/Maps/FirstPersonExampleMap.FirstPersonExampleMap:PersistentLevel.FirstPersonExampleMap'
[2017.01.29-02.53.19:632][394]LogSavePackage: Save=75.18ms
[2017.01.29-02.53.19:632][394]LogSavePackage: Moving '../../../../../../Users/fred/Documents/Unreal Projects/FireDrillVR/Saved/FirstPersonExampleMap_Auto1CCC2EA5D4AE8AC9DE542F6A1B3054F2E.tmp' to '../../../../../../Users/fred/Documents/Unreal Projects/FireDrillVR/Saved/Autosaves/Game/FirstPersonBP/Maps/FirstPersonExampleMap_Auto1.umap'
[2017.01.29-02.53.19:632][394]LogSavePackage:Display: Finished SavePackage ../../../../../../Users/fred/Documents/Unreal Projects/FireDrillVR/Saved/Autosaves/Game/FirstPersonBP/Maps/FirstPersonExampleMap_Auto1.umap
[2017.01.29-02.53.19:633][394]LogFileHelpers: Editor autosave (incl. sublevels) for '/Game/FirstPersonBP/Maps/FirstPersonExampleMap' took 0.252
[2017.01.29-02.53.19:633][394]LogFileHelpers: Editor autosave (incl. sublevels) for all levels took 0.252
[2017.01.29-02.53.19:635][394]OBJ SavePackage: Generating thumbnails for [0] asset(s) in package [/Game/FirstPersonBP/Blueprints/FirstPersonCharacter] ([1] browsable assets)...
[2017.01.29-02.53.19:635][394]OBJ SavePackage: Finished generating thumbnails for package [/Game/FirstPersonBP/Blueprints/FirstPersonCharacter]
[2017.01.29-02.53.19:660][394]LogSavePackage: Save=23.19ms
[2017.01.29-02.53.19:660][394]LogSavePackage: Moving '../../../../../../Users/fred/Documents/Unreal Projects/FireDrillVR/Saved/FirstPersonCharacter_Auto118E30322435C0394320837B9E5B1B83C.tmp' to '../../../../../../Users/fred/Documents/Unreal Projects/FireDrillVR/Saved/Autosaves/Game/FirstPersonBP/Blueprints/FirstPersonCharacter_Auto1.uasset'
[2017.01.29-02.53.19:660][394]LogSavePackage:Display: Finished SavePackage ../../../../../../Users/fred/Documents/Unreal Projects/FireDrillVR/Saved/Autosaves/Game/FirstPersonBP/Blueprints/FirstPersonCharacter_Auto1.uasset
[2017.01.29-02.53.19:660][394]OBJ SavePackage: Generating thumbnails for [0] asset(s) in package [/Game/FirstPersonBP/Blueprints/FirstPersonHUD] ([1] browsable assets)...
[2017.01.29-02.53.19:660][394]OBJ SavePackage: Finished generating thumbnails for package [/Game/FirstPersonBP/Blueprints/FirstPersonHUD]
[2017.01.29-02.53.19:750][394]LogSavePackage: Save=3.64ms
[2017.01.29-02.53.19:750][394]LogSavePackage: Moving '../../../../../../Users/fred/Documents/Unreal Projects/FireDrillVR/Saved/FirstPersonHUD_Auto16A60565A49A140D4B2941BA93C14B73E.tmp' to '../../../../../../Users/fred/Documents/Unreal Projects/FireDrillVR/Saved/Autosaves/Game/FirstPersonBP/Blueprints/FirstPersonHUD_Auto1.uasset'
[2017.01.29-02.53.19:750][394]LogSavePackage:Display: Finished SavePackage ../../../../../../Users/fred/Documents/Unreal Projects/FireDrillVR/Saved/Autosaves/Game/FirstPersonBP/Blueprints/FirstPersonHUD_Auto1.uasset
[2017.01.29-02.53.19:750][394]LogFileHelpers: Auto-saving content packages took 0.116
[2017.01.29-02.53.39:033][130]LogSavePackage: Save=72.43ms
[2017.01.29-02.53.39:033][130]LogSavePackage: Moving '../../../../../../Users/fred/Documents/Unreal Projects/FireDrillVR/Saved/FirstPersonExampleMap1DF35DB54710E7D07B4AA4933908863E.tmp' to '../../../../../../Users/fred/Documents/Unreal Projects/FireDrillVR/Content/FirstPersonBP/Maps/FirstPersonExampleMap.umap'
[2017.01.29-02.53.39:034][130]LogSavePackage:Display: Finished SavePackage ../../../../../../Users/fred/Documents/Unreal Projects/FireDrillVR/Content/FirstPersonBP/Maps/FirstPersonExampleMap.umap
[2017.01.29-02.53.39:040][130]LogFileHelpers: Saving map 'FirstPersonExampleMap' took 0.122
